  [1m[36m (0.8ms)[0m  [1mDROP DATABASE IF EXISTS "planit_test"[0m
  [1m[35m (417.7ms)[0m  CREATE DATABASE "planit_test" ENCODING = 'unicode'
  [1m[36m (26.1ms)[0m  [1mCREATE TABLE "schema_migrations" ("version" character varying(255) NOT NULL) [0m
  [1m[35m (2.7ms)[0m  CREATE UNIQUE INDEX  "unique_schema_migrations" ON "schema_migrations"  ("version")
  [1m[36mActiveRecord::SchemaMigration Load (0.4ms)[0m  [1mSELECT "schema_migrations".* FROM "schema_migrations"[0m
Migrating to CreateUsers (20140612001041)
  [1m[35m (0.2ms)[0m  BEGIN
  [1m[36m (26.9ms)[0m  [1mCREATE TABLE "users" ("id" serial primary key, "created_at" timestamp, "updated_at" timestamp) [0m
  [1m[35mSQL (6.5ms)[0m  INSERT INTO "schema_migrations" ("version") VALUES ($1)  [["version", "20140612001041"]]
  [1m[36m (6.5ms)[0m  [1mCOMMIT[0m
Migrating to CreateTrips (20140612001047)
  [1m[35m (6.4ms)[0m  BEGIN
  [1m[36m (8.9ms)[0m  [1mCREATE TABLE "trips" ("id" serial primary key, "created_at" timestamp, "updated_at" timestamp) [0m
  [1m[35mSQL (0.3ms)[0m  INSERT INTO "schema_migrations" ("version") VALUES ($1)  [["version", "20140612001047"]]
  [1m[36m (5.2ms)[0m  [1mCOMMIT[0m
Migrating to CreateActivities (20140612001137)
  [1m[35m (6.4ms)[0m  BEGIN
  [1m[36m (8.9ms)[0m  [1mCREATE TABLE "activities" ("id" serial primary key, "created_at" timestamp, "updated_at" timestamp) [0m
  [1m[35mSQL (0.2ms)[0m  INSERT INTO "schema_migrations" ("version") VALUES ($1)  [["version", "20140612001137"]]
  [1m[36m (5.2ms)[0m  [1mCOMMIT[0m
Migrating to CreateActivityParticipations (20140612001204)
  [1m[35m (6.4ms)[0m  BEGIN
  [1m[36m (8.9ms)[0m  [1mCREATE TABLE "activity_participations" ("id" serial primary key, "created_at" timestamp, "updated_at" timestamp) [0m
  [1m[35mSQL (0.2ms)[0m  INSERT INTO "schema_migrations" ("version") VALUES ($1)  [["version", "20140612001204"]]
  [1m[36m (5.3ms)[0m  [1mCOMMIT[0m
Migrating to CreateTripParticipations (20140612001217)
  [1m[35m (6.1ms)[0m  BEGIN
  [1m[36m (9.0ms)[0m  [1mCREATE TABLE "trip_participations" ("id" serial primary key, "created_at" timestamp, "updated_at" timestamp) [0m
  [1m[35mSQL (0.3ms)[0m  INSERT INTO "schema_migrations" ("version") VALUES ($1)  [["version", "20140612001217"]]
  [1m[36m (5.3ms)[0m  [1mCOMMIT[0m
  [1m[35mActiveRecord::SchemaMigration Load (0.3ms)[0m  SELECT "schema_migrations".* FROM "schema_migrations"
  [1m[36m (132.3ms)[0m  [1mDROP DATABASE IF EXISTS "planit_test"[0m
  [1m[35m (266.4ms)[0m  CREATE DATABASE "planit_test" ENCODING = 'unicode'
  [1m[36mSQL (1.3ms)[0m  [1mCREATE EXTENSION IF NOT EXISTS "plpgsql"[0m
  [1m[35m (4.0ms)[0m  CREATE TABLE "activities" ("id" serial primary key, "created_at" timestamp, "updated_at" timestamp) 
  [1m[36m (2.0ms)[0m  [1mCREATE TABLE "activity_participations" ("id" serial primary key, "created_at" timestamp, "updated_at" timestamp) [0m
  [1m[35m (2.3ms)[0m  CREATE TABLE "trip_participations" ("id" serial primary key, "created_at" timestamp, "updated_at" timestamp) 
  [1m[36m (1.9ms)[0m  [1mCREATE TABLE "trips" ("id" serial primary key, "created_at" timestamp, "updated_at" timestamp) [0m
  [1m[35m (2.2ms)[0m  CREATE TABLE "users" ("id" serial primary key, "created_at" timestamp, "updated_at" timestamp) 
  [1m[36m (0.9ms)[0m  [1mCREATE TABLE "schema_migrations" ("version" character varying(255) NOT NULL) [0m
  [1m[35m (1.4ms)[0m  CREATE UNIQUE INDEX  "unique_schema_migrations" ON "schema_migrations"  ("version")
  [1m[36m (0.4ms)[0m  [1mSELECT version FROM "schema_migrations"[0m
  [1m[35m (0.7ms)[0m  INSERT INTO "schema_migrations" (version) VALUES ('20140612001217')
  [1m[36m (0.5ms)[0m  [1mINSERT INTO "schema_migrations" (version) VALUES ('20140612001041')[0m
  [1m[35m (0.4ms)[0m  INSERT INTO "schema_migrations" (version) VALUES ('20140612001047')
  [1m[36m (0.4ms)[0m  [1mINSERT INTO "schema_migrations" (version) VALUES ('20140612001137')[0m
  [1m[35m (0.3ms)[0m  INSERT INTO "schema_migrations" (version) VALUES ('20140612001204')
  [1m[36m (2.0ms)[0m  [1mCREATE TABLE "schema_migrations" ("version" character varying(255) NOT NULL) [0m
  [1m[35m (1.3ms)[0m  CREATE UNIQUE INDEX  "unique_schema_migrations" ON "schema_migrations"  ("version")
  [1m[36mActiveRecord::SchemaMigration Load (0.3ms)[0m  [1mSELECT "schema_migrations".* FROM "schema_migrations"[0m
Migrating to CreateUsers (20140612001041)
  [1m[35m (0.1ms)[0m  BEGIN
  [1m[36m (3.4ms)[0m  [1mCREATE TABLE "users" ("id" serial primary key, "email" character varying(255), "first_name" character varying(255), "last_name" character varying(255), "phone" character varying(255), "created_at" timestamp, "updated_at" timestamp) [0m
  [1m[35mSQL (0.3ms)[0m  INSERT INTO "schema_migrations" ("version") VALUES ($1)  [["version", "20140612001041"]]
  [1m[36m (0.5ms)[0m  [1mCOMMIT[0m
Migrating to CreateTrips (20140612001047)
  [1m[35m (0.3ms)[0m  BEGIN
  [1m[36m (1.9ms)[0m  [1mCREATE TABLE "trips" ("id" serial primary key, "created_at" timestamp, "updated_at" timestamp) [0m
  [1m[35mSQL (0.2ms)[0m  INSERT INTO "schema_migrations" ("version") VALUES ($1)  [["version", "20140612001047"]]
  [1m[36m (0.4ms)[0m  [1mCOMMIT[0m
Migrating to CreateActivities (20140612001137)
  [1m[35m (0.3ms)[0m  BEGIN
  [1m[36m (2.2ms)[0m  [1mCREATE TABLE "activities" ("id" serial primary key, "created_at" timestamp, "updated_at" timestamp) [0m
  [1m[35mSQL (0.1ms)[0m  INSERT INTO "schema_migrations" ("version") VALUES ($1)  [["version", "20140612001137"]]
  [1m[36m (0.5ms)[0m  [1mCOMMIT[0m
Migrating to CreateActivityParticipations (20140612001204)
  [1m[35m (0.3ms)[0m  BEGIN
  [1m[36m (1.7ms)[0m  [1mCREATE TABLE "activity_participations" ("id" serial primary key, "created_at" timestamp, "updated_at" timestamp) [0m
  [1m[35mSQL (0.2ms)[0m  INSERT INTO "schema_migrations" ("version") VALUES ($1)  [["version", "20140612001204"]]
  [1m[36m (0.5ms)[0m  [1mCOMMIT[0m
Migrating to CreateTripParticipations (20140612001217)
  [1m[35m (0.3ms)[0m  BEGIN
  [1m[36m (2.2ms)[0m  [1mCREATE TABLE "trip_participations" ("id" serial primary key, "created_at" timestamp, "updated_at" timestamp) [0m
  [1m[35mSQL (0.2ms)[0m  INSERT INTO "schema_migrations" ("version") VALUES ($1)  [["version", "20140612001217"]]
  [1m[36m (0.4ms)[0m  [1mCOMMIT[0m
  [1m[35mActiveRecord::SchemaMigration Load (0.2ms)[0m  SELECT "schema_migrations".* FROM "schema_migrations"
  [1m[36m (0.2ms)[0m  [1mDROP DATABASE IF EXISTS "planit_test"[0m
  [1m[35m (989.1ms)[0m  CREATE DATABASE "planit_test" ENCODING = 'unicode'
  [1m[36mSQL (34.8ms)[0m  [1mCREATE EXTENSION IF NOT EXISTS "plpgsql"[0m
  [1m[35m (23.1ms)[0m  CREATE TABLE "activities" ("id" serial primary key, "created_at" timestamp, "updated_at" timestamp) 
  [1m[36m (4.2ms)[0m  [1mCREATE TABLE "activity_participations" ("id" serial primary key, "created_at" timestamp, "updated_at" timestamp) [0m
  [1m[35m (4.9ms)[0m  CREATE TABLE "trip_participations" ("id" serial primary key, "created_at" timestamp, "updated_at" timestamp) 
  [1m[36m (4.2ms)[0m  [1mCREATE TABLE "trips" ("id" serial primary key, "created_at" timestamp, "updated_at" timestamp) [0m
  [1m[35m (6.0ms)[0m  CREATE TABLE "users" ("id" serial primary key, "email" character varying(255), "first_name" character varying(255), "last_name" character varying(255), "phone" character varying(255), "created_at" timestamp, "updated_at" timestamp) 
  [1m[36m (1.7ms)[0m  [1mCREATE TABLE "schema_migrations" ("version" character varying(255) NOT NULL) [0m
  [1m[35m (2.2ms)[0m  CREATE UNIQUE INDEX  "unique_schema_migrations" ON "schema_migrations"  ("version")
  [1m[36m (0.5ms)[0m  [1mSELECT version FROM "schema_migrations"[0m
  [1m[35m (1.0ms)[0m  INSERT INTO "schema_migrations" (version) VALUES ('20140612001217')
  [1m[36m (0.9ms)[0m  [1mINSERT INTO "schema_migrations" (version) VALUES ('20140612001041')[0m
  [1m[35m (0.8ms)[0m  INSERT INTO "schema_migrations" (version) VALUES ('20140612001047')
  [1m[36m (0.8ms)[0m  [1mINSERT INTO "schema_migrations" (version) VALUES ('20140612001137')[0m
  [1m[35m (0.6ms)[0m  INSERT INTO "schema_migrations" (version) VALUES ('20140612001204')
  [1m[36m (3.9ms)[0m  [1mCREATE TABLE "schema_migrations" ("version" character varying(255) NOT NULL) [0m
  [1m[35m (2.4ms)[0m  CREATE UNIQUE INDEX  "unique_schema_migrations" ON "schema_migrations"  ("version")
  [1m[36mActiveRecord::SchemaMigration Load (0.5ms)[0m  [1mSELECT "schema_migrations".* FROM "schema_migrations"[0m
Migrating to CreateUsers (20140612001041)
  [1m[35m (0.2ms)[0m  BEGIN
  [1m[36m (37.7ms)[0m  [1mCREATE TABLE "users" ("id" serial primary key, "email" character varying(255), "first_name" character varying(255), "last_name" character varying(255), "phone" character varying(255), "created_at" timestamp, "updated_at" timestamp) [0m
  [1m[35mSQL (16.7ms)[0m  INSERT INTO "schema_migrations" ("version") VALUES ($1)  [["version", "20140612001041"]]
  [1m[36m (15.5ms)[0m  [1mCOMMIT[0m
Migrating to CreateTrips (20140612001047)
  [1m[35m (0.4ms)[0m  BEGIN
  [1m[36m (3.5ms)[0m  [1mCREATE TABLE "trips" ("id" serial primary key, "created_at" timestamp, "updated_at" timestamp) [0m
  [1m[35mSQL (0.3ms)[0m  INSERT INTO "schema_migrations" ("version") VALUES ($1)  [["version", "20140612001047"]]
  [1m[36m (1.1ms)[0m  [1mCOMMIT[0m
Migrating to CreateActivities (20140612001137)
  [1m[35m (0.3ms)[0m  BEGIN
  [1m[36m (3.0ms)[0m  [1mCREATE TABLE "activities" ("id" serial primary key, "created_at" timestamp, "updated_at" timestamp) [0m
  [1m[35mSQL (0.2ms)[0m  INSERT INTO "schema_migrations" ("version") VALUES ($1)  [["version", "20140612001137"]]
  [1m[36m (1.1ms)[0m  [1mCOMMIT[0m
Migrating to CreateActivityParticipations (20140612001204)
  [1m[35m (0.2ms)[0m  BEGIN
  [1m[36m (2.9ms)[0m  [1mCREATE TABLE "activity_participations" ("id" serial primary key, "created_at" timestamp, "updated_at" timestamp) [0m
  [1m[35mSQL (0.2ms)[0m  INSERT INTO "schema_migrations" ("version") VALUES ($1)  [["version", "20140612001204"]]
  [1m[36m (0.9ms)[0m  [1mCOMMIT[0m
Migrating to CreateTripParticipations (20140612001217)
  [1m[35m (0.2ms)[0m  BEGIN
  [1m[36m (2.7ms)[0m  [1mCREATE TABLE "trip_participations" ("id" serial primary key, "created_at" timestamp, "updated_at" timestamp) [0m
  [1m[35mSQL (0.2ms)[0m  INSERT INTO "schema_migrations" ("version") VALUES ($1)  [["version", "20140612001217"]]
  [1m[36m (0.9ms)[0m  [1mCOMMIT[0m
  [1m[35mActiveRecord::SchemaMigration Load (0.3ms)[0m  SELECT "schema_migrations".* FROM "schema_migrations"
  [1m[36m (3.6ms)[0m  [1mCREATE TABLE "schema_migrations" ("version" character varying(255) NOT NULL) [0m
  [1m[35m (32.7ms)[0m  CREATE UNIQUE INDEX  "unique_schema_migrations" ON "schema_migrations"  ("version")
  [1m[36mActiveRecord::SchemaMigration Load (0.6ms)[0m  [1mSELECT "schema_migrations".* FROM "schema_migrations"[0m
Migrating to CreateUsers (20140612001041)
  [1m[35m (0.2ms)[0m  BEGIN
  [1m[36m (6.4ms)[0m  [1mCREATE TABLE "users" ("id" serial primary key, "email" character varying(255), "first_name" character varying(255), "last_name" character varying(255), "phone" character varying(255), "created_at" timestamp, "updated_at" timestamp) [0m
  [1m[35mSQL (16.7ms)[0m  INSERT INTO "schema_migrations" ("version") VALUES ($1)  [["version", "20140612001041"]]
  [1m[36m (16.4ms)[0m  [1mCOMMIT[0m
Migrating to CreateTrips (20140612001047)
  [1m[35m (0.5ms)[0m  BEGIN
  [1m[36m (5.4ms)[0m  [1mCREATE TABLE "trips" ("id" serial primary key, "name" character varying(255), "description" character varying(255), "location" character varying(255), "start_date" timestamp, "end_date" timestamp, "creator_id" integer, "created_at" timestamp, "updated_at" timestamp) [0m
  [1m[35mSQL (0.3ms)[0m  INSERT INTO "schema_migrations" ("version") VALUES ($1)  [["version", "20140612001047"]]
  [1m[36m (1.3ms)[0m  [1mCOMMIT[0m
Migrating to CreateActivities (20140612001137)
  [1m[35m (0.3ms)[0m  BEGIN
  [1m[36m (3.3ms)[0m  [1mCREATE TABLE "activities" ("id" serial primary key, "created_at" timestamp, "updated_at" timestamp) [0m
  [1m[35mSQL (0.2ms)[0m  INSERT INTO "schema_migrations" ("version") VALUES ($1)  [["version", "20140612001137"]]
  [1m[36m (44.7ms)[0m  [1mCOMMIT[0m
Migrating to CreateActivityParticipations (20140612001204)
  [1m[35m (0.4ms)[0m  BEGIN
  [1m[36m (4.4ms)[0m  [1mCREATE TABLE "activity_participations" ("id" serial primary key, "created_at" timestamp, "updated_at" timestamp) [0m
  [1m[35mSQL (0.2ms)[0m  INSERT INTO "schema_migrations" ("version") VALUES ($1)  [["version", "20140612001204"]]
  [1m[36m (30.3ms)[0m  [1mCOMMIT[0m
Migrating to CreateTripParticipations (20140612001217)
  [1m[35m (0.5ms)[0m  BEGIN
  [1m[36m (6.1ms)[0m  [1mCREATE TABLE "trip_participations" ("id" serial primary key, "created_at" timestamp, "updated_at" timestamp) [0m
  [1m[35mSQL (0.2ms)[0m  INSERT INTO "schema_migrations" ("version") VALUES ($1)  [["version", "20140612001217"]]
  [1m[36m (1.8ms)[0m  [1mCOMMIT[0m
  [1m[35mActiveRecord::SchemaMigration Load (0.2ms)[0m  SELECT "schema_migrations".* FROM "schema_migrations"
  [1m[36m (3.6ms)[0m  [1mCREATE TABLE "schema_migrations" ("version" character varying(255) NOT NULL) [0m
  [1m[35m (2.3ms)[0m  CREATE UNIQUE INDEX  "unique_schema_migrations" ON "schema_migrations"  ("version")
  [1m[36mActiveRecord::SchemaMigration Load (0.5ms)[0m  [1mSELECT "schema_migrations".* FROM "schema_migrations"[0m
Migrating to CreateUsers (20140612001041)
  [1m[35m (0.2ms)[0m  BEGIN
  [1m[36m (6.3ms)[0m  [1mCREATE TABLE "users" ("id" serial primary key, "email" character varying(255), "first_name" character varying(255), "last_name" character varying(255), "phone" character varying(255), "created_at" timestamp, "updated_at" timestamp) [0m
  [1m[35mSQL (0.5ms)[0m  INSERT INTO "schema_migrations" ("version") VALUES ($1)  [["version", "20140612001041"]]
  [1m[36m (1.0ms)[0m  [1mCOMMIT[0m
Migrating to CreateTrips (20140612001047)
  [1m[35m (0.2ms)[0m  BEGIN
  [1m[36m (4.3ms)[0m  [1mCREATE TABLE "trips" ("id" serial primary key, "name" character varying(255), "description" character varying(255), "location" character varying(255), "start_date" timestamp, "end_date" timestamp, "creator_id" integer, "created_at" timestamp, "updated_at" timestamp) [0m
  [1m[35mSQL (0.2ms)[0m  INSERT INTO "schema_migrations" ("version") VALUES ($1)  [["version", "20140612001047"]]
  [1m[36m (1.2ms)[0m  [1mCOMMIT[0m
Migrating to CreateActivities (20140612001137)
  [1m[35m (0.3ms)[0m  BEGIN
  [1m[36m (4.8ms)[0m  [1mCREATE TABLE "activities" ("id" serial primary key, "name" character varying(255), "description" character varying(255), "location" character varying(255), "start_time" timestamp, "end_time" timestamp, "trip_id" integer, "creator_id" integer, "created_at" timestamp, "updated_at" timestamp) [0m
  [1m[35mSQL (0.2ms)[0m  INSERT INTO "schema_migrations" ("version") VALUES ($1)  [["version", "20140612001137"]]
  [1m[36m (1.1ms)[0m  [1mCOMMIT[0m
Migrating to CreateActivityParticipations (20140612001204)
  [1m[35m (0.2ms)[0m  BEGIN
  [1m[36m (2.7ms)[0m  [1mCREATE TABLE "activity_participations" ("id" serial primary key, "created_at" timestamp, "updated_at" timestamp) [0m
  [1m[35mSQL (0.2ms)[0m  INSERT INTO "schema_migrations" ("version") VALUES ($1)  [["version", "20140612001204"]]
  [1m[36m (0.9ms)[0m  [1mCOMMIT[0m
Migrating to CreateTripParticipations (20140612001217)
  [1m[35m (0.2ms)[0m  BEGIN
  [1m[36m (3.5ms)[0m  [1mCREATE TABLE "trip_participations" ("id" serial primary key, "created_at" timestamp, "updated_at" timestamp) [0m
  [1m[35mSQL (0.2ms)[0m  INSERT INTO "schema_migrations" ("version") VALUES ($1)  [["version", "20140612001217"]]
  [1m[36m (0.9ms)[0m  [1mCOMMIT[0m
  [1m[35mActiveRecord::SchemaMigration Load (0.2ms)[0m  SELECT "schema_migrations".* FROM "schema_migrations"
  [1m[36m (3.5ms)[0m  [1mCREATE TABLE "schema_migrations" ("version" character varying(255) NOT NULL) [0m
  [1m[35m (2.4ms)[0m  CREATE UNIQUE INDEX  "unique_schema_migrations" ON "schema_migrations"  ("version")
  [1m[36mActiveRecord::SchemaMigration Load (0.5ms)[0m  [1mSELECT "schema_migrations".* FROM "schema_migrations"[0m
Migrating to CreateUsers (20140612001041)
  [1m[35m (0.2ms)[0m  BEGIN
  [1m[36m (5.4ms)[0m  [1mCREATE TABLE "users" ("id" serial primary key, "email" character varying(255), "first_name" character varying(255), "last_name" character varying(255), "phone" character varying(255), "created_at" timestamp, "updated_at" timestamp) [0m
  [1m[35mSQL (0.5ms)[0m  INSERT INTO "schema_migrations" ("version") VALUES ($1)  [["version", "20140612001041"]]
  [1m[36m (1.0ms)[0m  [1mCOMMIT[0m
Migrating to CreateTrips (20140612001047)
  [1m[35m (0.3ms)[0m  BEGIN
  [1m[36m (4.7ms)[0m  [1mCREATE TABLE "trips" ("id" serial primary key, "name" character varying(255), "description" character varying(255), "location" character varying(255), "start_date" timestamp, "end_date" timestamp, "creator_id" integer, "created_at" timestamp, "updated_at" timestamp) [0m
  [1m[35mSQL (0.2ms)[0m  INSERT INTO "schema_migrations" ("version") VALUES ($1)  [["version", "20140612001047"]]
  [1m[36m (1.3ms)[0m  [1mCOMMIT[0m
Migrating to CreateActivities (20140612001137)
  [1m[35m (0.3ms)[0m  BEGIN
  [1m[36m (4.5ms)[0m  [1mCREATE TABLE "activities" ("id" serial primary key, "name" character varying(255), "description" character varying(255), "location" character varying(255), "start_time" timestamp, "end_time" timestamp, "trip_id" integer, "creator_id" integer, "created_at" timestamp, "updated_at" timestamp) [0m
  [1m[35mSQL (0.2ms)[0m  INSERT INTO "schema_migrations" ("version") VALUES ($1)  [["version", "20140612001137"]]
  [1m[36m (1.2ms)[0m  [1mCOMMIT[0m
Migrating to CreateActivityParticipations (20140612001204)
  [1m[35m (0.3ms)[0m  BEGIN
  [1m[36m (2.8ms)[0m  [1mCREATE TABLE "activity_participations" ("id" serial primary key, "activity_id" integer, "participant_id" integer, "created_at" timestamp, "updated_at" timestamp) [0m
  [1m[35mSQL (0.2ms)[0m  INSERT INTO "schema_migrations" ("version") VALUES ($1)  [["version", "20140612001204"]]
  [1m[36m (0.9ms)[0m  [1mCOMMIT[0m
Migrating to CreateTripParticipations (20140612001217)
  [1m[35m (0.2ms)[0m  BEGIN
  [1m[36m (3.4ms)[0m  [1mCREATE TABLE "trip_participations" ("id" serial primary key, "created_at" timestamp, "updated_at" timestamp) [0m
  [1m[35mSQL (0.2ms)[0m  INSERT INTO "schema_migrations" ("version") VALUES ($1)  [["version", "20140612001217"]]
  [1m[36m (0.9ms)[0m  [1mCOMMIT[0m
  [1m[35mActiveRecord::SchemaMigration Load (0.5ms)[0m  SELECT "schema_migrations".* FROM "schema_migrations"
  [1m[36m (3.5ms)[0m  [1mCREATE TABLE "schema_migrations" ("version" character varying(255) NOT NULL) [0m
  [1m[35m (2.4ms)[0m  CREATE UNIQUE INDEX  "unique_schema_migrations" ON "schema_migrations"  ("version")
  [1m[36mActiveRecord::SchemaMigration Load (0.5ms)[0m  [1mSELECT "schema_migrations".* FROM "schema_migrations"[0m
Migrating to CreateUsers (20140612001041)
  [1m[35m (0.2ms)[0m  BEGIN
  [1m[36m (5.4ms)[0m  [1mCREATE TABLE "users" ("id" serial primary key, "email" character varying(255), "first_name" character varying(255), "last_name" character varying(255), "phone" character varying(255), "created_at" timestamp, "updated_at" timestamp) [0m
  [1m[35mSQL (0.4ms)[0m  INSERT INTO "schema_migrations" ("version") VALUES ($1)  [["version", "20140612001041"]]
  [1m[36m (1.2ms)[0m  [1mCOMMIT[0m
Migrating to CreateTrips (20140612001047)
  [1m[35m (0.3ms)[0m  BEGIN
  [1m[36m (4.2ms)[0m  [1mCREATE TABLE "trips" ("id" serial primary key, "name" character varying(255), "description" character varying(255), "location" character varying(255), "start_date" timestamp, "end_date" timestamp, "creator_id" integer, "created_at" timestamp, "updated_at" timestamp) [0m
  [1m[35mSQL (0.2ms)[0m  INSERT INTO "schema_migrations" ("version") VALUES ($1)  [["version", "20140612001047"]]
  [1m[36m (1.1ms)[0m  [1mCOMMIT[0m
Migrating to CreateActivities (20140612001137)
  [1m[35m (0.2ms)[0m  BEGIN
  [1m[36m (4.1ms)[0m  [1mCREATE TABLE "activities" ("id" serial primary key, "name" character varying(255), "description" character varying(255), "location" character varying(255), "start_time" timestamp, "end_time" timestamp, "trip_id" integer, "creator_id" integer, "created_at" timestamp, "updated_at" timestamp) [0m
  [1m[35mSQL (0.2ms)[0m  INSERT INTO "schema_migrations" ("version") VALUES ($1)  [["version", "20140612001137"]]
  [1m[36m (1.0ms)[0m  [1mCOMMIT[0m
Migrating to CreateActivityParticipations (20140612001204)
  [1m[35m (0.2ms)[0m  BEGIN
  [1m[36m (3.1ms)[0m  [1mCREATE TABLE "activity_participations" ("id" serial primary key, "activity_id" integer, "participant_id" integer, "created_at" timestamp, "updated_at" timestamp) [0m
  [1m[35mSQL (0.2ms)[0m  INSERT INTO "schema_migrations" ("version") VALUES ($1)  [["version", "20140612001204"]]
  [1m[36m (1.0ms)[0m  [1mCOMMIT[0m
Migrating to CreateTripParticipations (20140612001217)
  [1m[35m (0.2ms)[0m  BEGIN
  [1m[36m (3.2ms)[0m  [1mCREATE TABLE "trip_participations" ("id" serial primary key, "traveler_id" integer, "trip_id" integer, "transportation_type" character varying(255), "arrival_time" timestamp, "departure_time" timestamp, "created_at" timestamp, "updated_at" timestamp) [0m
  [1m[35mSQL (0.2ms)[0m  INSERT INTO "schema_migrations" ("version") VALUES ($1)  [["version", "20140612001217"]]
  [1m[36m (0.9ms)[0m  [1mCOMMIT[0m
  [1m[35mActiveRecord::SchemaMigration Load (0.2ms)[0m  SELECT "schema_migrations".* FROM "schema_migrations"
